0 info it worked if it ends with ok
1 verbose cli [ '/usr/bin/node', '/usr/bin/npm', 'run', 'build' ]
2 info using npm@3.10.10
3 info using node@v6.14.4
4 verbose run-script [ 'prebuild', 'build', 'postbuild' ]
5 info lifecycle gitlist@1.0.0~prebuild: gitlist@1.0.0
6 silly lifecycle gitlist@1.0.0~prebuild: no script for prebuild, continuing
7 info lifecycle gitlist@1.0.0~build: gitlist@1.0.0
8 verbose lifecycle gitlist@1.0.0~build: unsafe-perm in lifecycle true
9 verbose lifecycle gitlist@1.0.0~build: PATH: /usr/lib/node_modules/npm/bin/node-gyp-bin:/home/boris/Escritorio/AppVanguardia/gitList/node_modules/.bin:/home/boris/.rvm/gems/ruby-2.5.1/bin:/home/boris/.rvm/gems/ruby-2.5.1@global/bin:/home/boris/.rvm/rubies/ruby-2.5.1/bin:/home/boris/.rbenv/plugins/ruby-build/bin:/home/boris/.rbenv/shims:/home/boris/.rbenv/bin:/home/boris/home/boris/anaconda2/bin/:/home/boris/.local/share/umake/bin:/home/boris/bin:/home/boris/.local/bin:/home/boris/.rvm/gems/ruby-2.5.1/bin:/home/boris/.rvm/gems/ruby-2.5.1@global/bin:/home/boris/.rvm/rubies/ruby-2.5.1/bin:/home/boris/.rbenv/plugins/ruby-build/bin:/home/boris/.rbenv/shims:/home/boris/.rbenv/bin:/home/boris/home/boris/anaconda2/bin/:/home/boris/.rvm/gems/ruby-2.5.1/bin:/home/boris/.rvm/gems/ruby-2.5.1@global/bin:/home/boris/.rvm/rubies/ruby-2.5.1/bin:/home/boris/.local/share/umake/bin:/home/boris/bin:/home/boris/.local/bin:/usr/local/sbin:/usr/local/bin:/usr/sbin:/usr/bin:/sbin:/bin:/usr/games:/usr/local/games:/home/boris/.rvm/bin:/home/boris/.rvm/bin:/home/boris/.rvm/bin:/home/boris/.rvm/bin
10 verbose lifecycle gitlist@1.0.0~build: CWD: /home/boris/Escritorio/AppVanguardia/gitList
11 silly lifecycle gitlist@1.0.0~build: Args: [ '-c', 'webpack' ]
12 silly lifecycle gitlist@1.0.0~build: Returned: code: 2  signal: null
13 info lifecycle gitlist@1.0.0~build: Failed to exec build script
14 verbose stack Error: gitlist@1.0.0 build: `webpack`
14 verbose stack Exit status 2
14 verbose stack     at EventEmitter.<anonymous> (/usr/lib/node_modules/npm/lib/utils/lifecycle.js:255:16)
14 verbose stack     at emitTwo (events.js:106:13)
14 verbose stack     at EventEmitter.emit (events.js:191:7)
14 verbose stack     at ChildProcess.<anonymous> (/usr/lib/node_modules/npm/lib/utils/spawn.js:40:14)
14 verbose stack     at emitTwo (events.js:106:13)
14 verbose stack     at ChildProcess.emit (events.js:191:7)
14 verbose stack     at maybeClose (internal/child_process.js:920:16)
14 verbose stack     at Process.ChildProcess._handle.onexit (internal/child_process.js:230:5)
15 verbose pkgid gitlist@1.0.0
16 verbose cwd /home/boris/Escritorio/AppVanguardia/gitList
17 error Linux 4.8.0-53-generic
18 error argv "/usr/bin/node" "/usr/bin/npm" "run" "build"
19 error node v6.14.4
20 error npm  v3.10.10
21 error code ELIFECYCLE
22 error gitlist@1.0.0 build: `webpack`
22 error Exit status 2
23 error Failed at the gitlist@1.0.0 build script 'webpack'.
23 error Make sure you have the latest version of node.js and npm installed.
23 error If you do, this is most likely a problem with the gitlist package,
23 error not with npm itself.
23 error Tell the author that this fails on your system:
23 error     webpack
23 error You can get information on how to open an issue for this project with:
23 error     npm bugs gitlist
23 error Or if that isn't available, you can get their info via:
23 error     npm owner ls gitlist
23 error There is likely additional logging output above.
24 verbose exit [ 1, true ]
